Performing C++ SOURCE FILE Test has_std_20_flag failed with the following output:
Change Dir: /home/binabik/Documents/projets_gite/cantina_fam/cantina_common/cmake-build-debug/CMakeFiles/CMakeTmp

Run Build Command(s):/usr/bin/make cmTC_c07bf/fast && /usr/bin/make -f CMakeFiles/cmTC_c07bf.dir/build.make CMakeFiles/cmTC_c07bf.dir/build
make[1]: Entering directory '/home/binabik/Documents/projets_gite/cantina_fam/cantina_common/cmake-build-debug/CMakeFiles/CMakeTmp'
Building CXX object CMakeFiles/cmTC_c07bf.dir/src.cxx.o
/usr/bin/c++    -Dhas_std_20_flag   -std=c++20 -std=gnu++2a -o CMakeFiles/cmTC_c07bf.dir/src.cxx.o -c /home/binabik/Documents/projets_gite/cantina_fam/cantina_common/cmake-build-debug/CMakeFiles/CMakeTmp/src.cxx
c++: error: unrecognized command line option '-std=c++20'; did you mean '-std=c++2a'?
make[1]: *** [CMakeFiles/cmTC_c07bf.dir/build.make:66: CMakeFiles/cmTC_c07bf.dir/src.cxx.o] Error 1
make[1]: Leaving directory '/home/binabik/Documents/projets_gite/cantina_fam/cantina_common/cmake-build-debug/CMakeFiles/CMakeTmp'
make: *** [Makefile:121: cmTC_c07bf/fast] Error 2


Source file was:
int main() { return 0; }
Determining if the strtod_l exist failed with the following output:
Change Dir: /home/binabik/Documents/projets_gite/cantina_fam/cantina_common/cmake-build-debug/CMakeFiles/CMakeTmp

Run Build Command(s):/usr/bin/make cmTC_98469/fast && /usr/bin/make -f CMakeFiles/cmTC_98469.dir/build.make CMakeFiles/cmTC_98469.dir/build
make[1] : on entre dans le répertoire « /home/binabik/Documents/projets_gite/cantina_fam/cantina_common/cmake-build-debug/CMakeFiles/CMakeTmp »
Building C object CMakeFiles/cmTC_98469.dir/CheckSymbolExists.c.o
/usr/bin/cc    -o CMakeFiles/cmTC_98469.dir/CheckSymbolExists.c.o   -c /home/binabik/Documents/projets_gite/cantina_fam/cantina_common/cmake-build-debug/CMakeFiles/CMakeTmp/CheckSymbolExists.c
/home/binabik/Documents/projets_gite/cantina_fam/cantina_common/cmake-build-debug/CMakeFiles/CMakeTmp/CheckSymbolExists.c: In function ‘main’:
/home/binabik/Documents/projets_gite/cantina_fam/cantina_common/cmake-build-debug/CMakeFiles/CMakeTmp/CheckSymbolExists.c:8:19: error: ‘strtod_l’ undeclared (first use in this function); did you mean ‘strtoull’?
    8 |   return ((int*)(&strtod_l))[argc];
      |                   ^~~~~~~~
      |                   strtoull
/home/binabik/Documents/projets_gite/cantina_fam/cantina_common/cmake-build-debug/CMakeFiles/CMakeTmp/CheckSymbolExists.c:8:19: note: each undeclared identifier is reported only once for each function it appears in
make[1]: *** [CMakeFiles/cmTC_98469.dir/build.make:66: CMakeFiles/cmTC_98469.dir/CheckSymbolExists.c.o] Error 1
make[1] : on quitte le répertoire « /home/binabik/Documents/projets_gite/cantina_fam/cantina_common/cmake-build-debug/CMakeFiles/CMakeTmp »
make: *** [Makefile:121: cmTC_98469/fast] Error 2


File /home/binabik/Documents/projets_gite/cantina_fam/cantina_common/cmake-build-debug/CMakeFiles/CMakeTmp/CheckSymbolExists.c:
/* */
#include <stdlib.h>

int main(int argc, char** argv)
{
  (void)argv;
#ifndef strtod_l
  return ((int*)(&strtod_l))[argc];
#else
  (void)argc;
  return 0;
#endif
}
